\BOOKMARK [1][-]{section.1}{\376\377\000T\000\355\000t\000u\000l\000o\000\040\000d\000e\000l\000\040\000P\000r\000o\000y\000e\000c\000t\000o}{}% 1
\BOOKMARK [1][-]{section.2}{\376\377\000\301\000r\000e\000a\000\040\000d\000e\000\040\000c\000o\000n\000o\000c\000i\000m\000i\000e\000n\000t\000o}{}% 2
\BOOKMARK [1][-]{section.3}{\376\377\000S\000e\000c\000t\000o\000r\000\040\000i\000n\000d\000u\000s\000t\000r\000i\000a\000l}{}% 3
\BOOKMARK [1][-]{section.4}{\376\377\000E\000q\000u\000i\000p\000o\000\040\000d\000e\000l\000\040\000P\000r\000o\000y\000e\000c\000t\000o}{}% 4
\BOOKMARK [1][-]{section.5}{\376\377\000D\000e\000s\000c\000r\000i\000p\000c\000i\000\363\000n\000\040\000d\000e\000l\000\040\000P\000r\000o\000y\000e\000c\000t\000o}{}% 5
\BOOKMARK [1][-]{section.6}{\376\377\000C\000o\000m\000p\000e\000t\000e\000n\000c\000i\000a\000s\000\040\000a\000d\000q\000u\000i\000r\000i\000d\000a\000s}{}% 6
\BOOKMARK [2][-]{subsection.6.1}{\376\377\000M\0002\000N\0001\0001\0001\000\040\000-\000\040\000G\000e\000s\000t\000i\000\363\000n\000\040\000d\000e\000l\000\040\000c\000i\000c\000l\000o\000\040\000d\000e\000\040\000v\000i\000d\000a\000\040\000d\000e\000l\000\040\000s\000o\000f\000t\000w\000a\000r\000e}{section.6}% 7
\BOOKMARK [2][-]{subsection.6.2}{\376\377\000M\0002\000N\0001\0001\0000\000\040\000-\000\040\000A\000r\000q\000u\000i\000t\000e\000c\000t\000u\000r\000a\000s\000\040\000e\000s\000c\000a\000l\000a\000b\000l\000e\000s\000\040\000y\000\040\000f\000l\000e\000x\000i\000b\000l\000e\000s}{section.6}% 8
\BOOKMARK [2][-]{subsection.6.3}{\376\377\000M\0002\000N\0002\0000\0006\000\040\000-\000\040\000I\000n\000v\000e\000s\000t\000i\000g\000a\000c\000i\000\363\000n\000\040\000e\000\040\000i\000n\000n\000o\000v\000a\000c\000i\000\363\000n}{section.6}% 9
\BOOKMARK [1][-]{section.7}{\376\377\000O\000b\000j\000e\000t\000i\000v\000o\000s\000\040\000d\000e\000l\000\040\000P\000r\000o\000y\000e\000c\000t\000o}{}% 10
\BOOKMARK [1][-]{section.8}{\376\377\000P\000l\000i\000e\000g\000o\000\040\000d\000e\000\040\000c\000o\000n\000d\000i\000c\000i\000o\000n\000e\000s}{}% 11
\BOOKMARK [2][-]{subsection.8.1}{\376\377\000D\000e\000s\000c\000r\000i\000p\000c\000i\000\363\000n\000\040\000d\000e\000l\000\040\000p\000r\000o\000d\000u\000c\000t\000o\000\040\000d\000e\000s\000a\000r\000r\000o\000l\000l\000a\000d\000o}{section.8}% 12
\BOOKMARK [2][-]{subsection.8.2}{\376\377\000R\000e\000c\000u\000r\000s\000o\000s\000\040\000d\000e\000\040\000h\000a\000r\000d\000w\000a\000r\000e\000\040\000y\000\040\000s\000o\000f\000t\000w\000a\000r\000e\000\040\000u\000t\000i\000l\000i\000z\000a\000d\000o\000s}{section.8}% 13
\BOOKMARK [2][-]{subsection.8.3}{\376\377\000R\000e\000q\000u\000i\000s\000i\000t\000o\000s\000\040\000f\000u\000n\000c\000i\000o\000n\000a\000l\000e\000s}{section.8}% 14
\BOOKMARK [2][-]{subsection.8.4}{\376\377\000R\000e\000q\000u\000i\000s\000i\000t\000o\000s\000\040\000n\000o\000\040\000f\000u\000n\000c\000i\000o\000n\000a\000l\000e\000s}{section.8}% 15
\BOOKMARK [2][-]{subsection.8.5}{\376\377\000E\000s\000p\000e\000c\000i\000f\000i\000c\000a\000c\000i\000o\000n\000e\000s\000\040\000t\000\351\000c\000n\000i\000c\000a\000s\000\040\000d\000e\000\040\000d\000i\000s\000p\000o\000s\000i\000t\000i\000v\000o\000s\000\040\000o\000b\000j\000e\000t\000i\000v\000o}{section.8}% 16
\BOOKMARK [2][-]{subsection.8.6}{\376\377\000C\000o\000n\000d\000i\000c\000i\000o\000n\000e\000s\000\040\000e\000s\000p\000e\000c\000\355\000f\000i\000c\000a\000s\000\040\000d\000e\000l\000\040\000d\000e\000s\000a\000r\000r\000o\000l\000l\000o}{section.8}% 17
\BOOKMARK [2][-]{subsection.8.7}{\376\377\000C\000o\000n\000d\000i\000c\000i\000o\000n\000e\000s\000\040\000d\000e\000\040\000s\000e\000g\000u\000r\000i\000d\000a\000d\000\040\000a\000p\000l\000i\000c\000a\000d\000a\000s}{section.8}% 18
\BOOKMARK [2][-]{subsection.8.8}{\376\377\000P\000r\000u\000e\000b\000a\000s\000\040\000y\000\040\000v\000a\000l\000i\000d\000a\000c\000i\000\363\000n\000\040\000r\000e\000a\000l\000i\000z\000a\000d\000a\000s}{section.8}% 19
\BOOKMARK [1][-]{section.9}{\376\377\000T\000a\000r\000e\000a\000s\000\040\000d\000e\000s\000a\000r\000r\000o\000l\000l\000a\000d\000a\000s}{}% 20
\BOOKMARK [2][-]{subsection.9.1}{\376\377\000I\000n\000v\000e\000s\000t\000i\000g\000a\000c\000i\000\363\000n\000\040\000y\000\040\000a\000n\000\341\000l\000i\000s\000i\000s\000\040\000\050\000S\000e\000m\000a\000n\000a\000s\000\040\0001\000-\0004\000\051}{section.9}% 21
\BOOKMARK [2][-]{subsection.9.2}{\376\377\000M\000o\000d\000i\000f\000i\000c\000a\000c\000i\000\363\000n\000\040\000d\000e\000\040\000S\000W\000U\000p\000d\000a\000t\000e\000\040\000\050\000S\000e\000m\000a\000n\000a\000s\000\040\0005\000-\0008\000\051}{section.9}% 22
\BOOKMARK [2][-]{subsection.9.3}{\376\377\000D\000e\000s\000a\000r\000r\000o\000l\000l\000o\000\040\000d\000e\000\040\000S\000W\000U\000G\000e\000n\000e\000r\000a\000t\000o\000r\000\040\000e\000x\000t\000e\000n\000d\000i\000d\000o\000\040\000\050\000S\000e\000m\000a\000n\000a\000s\000\040\0009\000-\0001\0002\000\051}{section.9}% 23
\BOOKMARK [2][-]{subsection.9.4}{\376\377\000D\000e\000s\000a\000r\000r\000o\000l\000l\000o\000\040\000d\000e\000l\000\040\000m\000\363\000d\000u\000l\000o\000\040\000U\000p\000d\000a\000t\000e\000s\000\040\000\050\000S\000e\000m\000a\000n\000a\000s\000\040\0001\0003\000-\0001\0006\000\051}{section.9}% 24
\BOOKMARK [2][-]{subsection.9.5}{\376\377\000D\000e\000s\000a\000r\000r\000o\000l\000l\000o\000\040\000d\000e\000\040\000l\000a\000\040\000i\000n\000t\000e\000r\000f\000a\000z\000\040\000w\000e\000b\000\040\000\050\000S\000e\000m\000a\000n\000a\000s\000\040\0001\0007\000-\0002\0000\000\051}{section.9}% 25
\BOOKMARK [2][-]{subsection.9.6}{\376\377\000V\000a\000l\000i\000d\000a\000c\000i\000\363\000n\000\040\000y\000\040\000d\000e\000m\000o\000s\000t\000r\000a\000c\000i\000\363\000n\000\040\000\050\000S\000e\000m\000a\000n\000a\000s\000\040\0002\0001\000-\0002\0004\000\051}{section.9}% 26
\BOOKMARK [1][-]{section.10}{\376\377\000V\000a\000l\000o\000r\000a\000c\000i\000\363\000n\000\040\000d\000e\000\040\000c\000o\000m\000p\000e\000t\000e\000n\000c\000i\000a\000s\000\040\000a\000d\000q\000u\000i\000r\000i\000d\000a\000s}{}% 27
\BOOKMARK [2][-]{subsection.10.1}{\376\377\000C\000i\000b\000e\000r\000s\000e\000g\000u\000r\000i\000d\000a\000d}{section.10}% 28
\BOOKMARK [2][-]{subsection.10.2}{\376\377\000A\000r\000q\000u\000i\000t\000e\000c\000t\000u\000r\000a\000s\000\040\000d\000e\000\040\000s\000o\000f\000t\000w\000a\000r\000e}{section.10}% 29
\BOOKMARK [2][-]{subsection.10.3}{\376\377\000I\000n\000v\000e\000s\000t\000i\000g\000a\000c\000i\000\363\000n\000\040\000e\000\040\000i\000n\000n\000o\000v\000a\000c\000i\000\363\000n}{section.10}% 30
\BOOKMARK [1][-]{section.11}{\376\377\000P\000r\000o\000b\000l\000e\000m\000a\000s\000\040\000p\000l\000a\000n\000t\000e\000a\000d\000o\000s\000\040\000y\000\040\000r\000e\000s\000o\000l\000u\000c\000i\000\363\000n}{}% 31
\BOOKMARK [2][-]{subsection.11.1}{\376\377\000P\000r\000o\000b\000l\000e\000m\000a\000\040\0001\000:\000\040\000R\000e\000n\000d\000i\000m\000i\000e\000n\000t\000o\000\040\000d\000e\000\040\000A\000S\000C\000O\000N\000\040\000e\000n\000\040\000P\000y\000t\000h\000o\000n}{section.11}% 32
\BOOKMARK [2][-]{subsection.11.2}{\376\377\000P\000r\000o\000b\000l\000e\000m\000a\000\040\0002\000:\000\040\000L\000i\000m\000i\000t\000a\000c\000i\000o\000n\000e\000s\000\040\000a\000r\000q\000u\000i\000t\000e\000c\000t\000u\000r\000a\000l\000e\000s\000\040\000d\000e\000\040\000S\000W\000U\000p\000d\000a\000t\000e}{section.11}% 33
\BOOKMARK [2][-]{subsection.11.3}{\376\377\000P\000r\000o\000b\000l\000e\000m\000a\000\040\0003\000:\000\040\000D\000e\000p\000e\000n\000d\000e\000n\000c\000i\000a\000\040\000d\000e\000\040\000O\000p\000e\000n\000S\000S\000L\000\040\0003\000.\0005\000+}{section.11}% 34
\BOOKMARK [2][-]{subsection.11.4}{\376\377\000P\000r\000o\000b\000l\000e\000m\000a\000\040\0004\000:\000\040\000I\000n\000t\000e\000g\000r\000a\000c\000i\000\363\000n\000\040\000d\000e\000\040\000m\000e\000t\000a\000d\000a\000t\000o\000s\000\040\000e\000n\000\040\000W\000F\000X\000\040\000J\000o\000b\000s}{section.11}% 35
\BOOKMARK [2][-]{subsection.11.5}{\376\377\000P\000r\000o\000b\000l\000e\000m\000a\000\040\0005\000:\000\040\000G\000e\000s\000t\000i\000\363\000n\000\040\000d\000e\000\040\000c\000l\000a\000v\000e\000s\000\040\000e\000n\000\040\000L\000a\000m\000a\000s\000s\000u}{section.11}% 36
\BOOKMARK [1][-]{section.12}{\376\377\000C\000o\000n\000c\000l\000u\000s\000i\000o\000n\000e\000s\000\040\000y\000\040\000r\000e\000s\000u\000l\000t\000a\000d\000o\000s\000\040\000o\000b\000t\000e\000n\000i\000d\000o\000s}{}% 37
\BOOKMARK [1][-]{section.13}{\376\377\000N\000u\000e\000v\000o\000s\000\040\000p\000r\000o\000d\000u\000c\000t\000o\000s\000\040\000y\000\040\000d\000e\000s\000a\000r\000r\000o\000l\000l\000o\000s\000\040\000d\000e\000r\000i\000v\000a\000d\000o\000s}{}% 38
\BOOKMARK [2][-]{subsection.13.1}{\376\377\000P\000r\000o\000d\000u\000c\000t\000o\000:\000\040\000P\000l\000a\000t\000a\000f\000o\000r\000m\000a\000\040\000O\000T\000A\000\040\000S\000e\000g\000u\000r\000a\000\040\000c\000o\000m\000o\000\040\000S\000e\000r\000v\000i\000c\000i\000o}{section.13}% 39
\BOOKMARK [2][-]{subsection.13.2}{\376\377\000P\000r\000o\000y\000e\000c\000t\000o\000s\000\040\000d\000e\000\040\000I\000+\000D\000\040\000d\000e\000r\000i\000v\000a\000d\000o\000s}{section.13}% 40
\BOOKMARK [1][-]{section.14}{\376\377\000A\000p\000o\000r\000t\000a\000c\000i\000o\000n\000e\000s\000\040\000e\000n\000\040\000m\000a\000t\000e\000r\000i\000a\000\040\000d\000e\000\040\000a\000p\000r\000e\000n\000d\000i\000z\000a\000j\000e}{}% 41
\BOOKMARK [2][-]{subsection.14.1}{\376\377\000E\000x\000p\000e\000r\000i\000e\000n\000c\000i\000a\000\040\000e\000n\000\040\000e\000n\000t\000o\000r\000n\000o\000\040\000p\000r\000o\000f\000e\000s\000i\000o\000n\000a\000l\000\040\000r\000e\000a\000l}{section.14}% 42
\BOOKMARK [2][-]{subsection.14.2}{\376\377\000C\000o\000m\000p\000e\000t\000e\000n\000c\000i\000a\000s\000\040\000d\000e\000\040\000i\000n\000v\000e\000s\000t\000i\000g\000a\000c\000i\000\363\000n\000\040\000a\000p\000l\000i\000c\000a\000d\000a}{section.14}% 43
\BOOKMARK [2][-]{subsection.14.3}{\376\377\000V\000i\000s\000i\000\363\000n\000\040\000i\000n\000t\000e\000g\000r\000a\000l\000\040\000d\000e\000\040\000p\000r\000o\000y\000e\000c\000t\000o\000s\000\040\000t\000e\000c\000n\000o\000l\000\363\000g\000i\000c\000o\000s}{section.14}% 44
\BOOKMARK [1][-]{section.15}{\376\377\000E\000v\000a\000l\000u\000a\000c\000i\000\363\000n\000\040\000y\000\040\000s\000u\000g\000e\000r\000e\000n\000c\000i\000a\000s\000\040\000d\000e\000\040\000m\000e\000j\000o\000r\000a}{}% 45
\BOOKMARK [2][-]{subsection.15.1}{\376\377\000E\000v\000a\000l\000u\000a\000c\000i\000\363\000n\000\040\000d\000e\000\040\000l\000a\000s\000\040\000p\000r\000\341\000c\000t\000i\000c\000a\000s}{section.15}% 46
\BOOKMARK [1][-]{section.16}{\376\377\000F\000i\000r\000m\000a\000s\000\040\000y\000\040\000f\000e\000c\000h\000a}{}% 47
