\BOOKMARK [1][-]{Abstract.1}{\376\377\000A\000b\000s\000t\000r\000a\000c\000t}{}% 1
\BOOKMARK [1][-]{Resumen.1}{\376\377\000R\000e\000s\000u\000m\000e\000n}{}% 2
\BOOKMARK [1][-]{Laburpena.1}{\376\377\000L\000a\000b\000u\000r\000p\000e\000n\000a}{}% 3
\BOOKMARK [1][-]{Abstract.1}{\376\377\000A\000b\000s\000t\000r\000a\000c\000t}{}% 4
\BOOKMARK [1][-]{Agradecimientos.1}{\376\377\000A\000g\000r\000a\000d\000e\000c\000i\000m\000i\000e\000n\000t\000o\000s}{}% 5
\BOOKMARK [1][-]{Acronimos.1}{\376\377\000A\000c\000r\000\363\000n\000i\000m\000o\000s}{}% 6
\BOOKMARK [0][-]{chapter.1}{\376\377\000I\000n\000t\000r\000o\000d\000u\000c\000c\000i\000\363\000n}{}% 7
\BOOKMARK [1][-]{section.1.1}{\376\377\000P\000r\000o\000b\000l\000e\000m\000\341\000t\000i\000c\000a}{chapter.1}% 8
\BOOKMARK [1][-]{section.1.2}{\376\377\000M\000o\000t\000i\000v\000a\000c\000i\000\363\000n}{chapter.1}% 9
\BOOKMARK [1][-]{section.1.3}{\376\377\000E\000s\000t\000a\000d\000o\000\040\000d\000e\000l\000\040\000a\000r\000t\000e}{chapter.1}% 10
\BOOKMARK [2][-]{subsection.1.3.1}{\376\377\000P\000a\000n\000o\000r\000a\000m\000a\000\040\000d\000e\000\040\000v\000u\000l\000n\000e\000r\000a\000b\000i\000l\000i\000d\000a\000d\000e\000s\000\040\000e\000n\000\040\000d\000i\000s\000p\000o\000s\000i\000t\000i\000v\000o\000s\000\040\000I\000o\000T}{section.1.3}% 11
\BOOKMARK [2][-]{subsection.1.3.2}{\376\377\000P\000l\000a\000t\000a\000f\000o\000r\000m\000a\000s\000\040\000O\000T\000A\000\040\000e\000x\000i\000s\000t\000e\000n\000t\000e\000s\000:\000\040\000a\000n\000\341\000l\000i\000s\000i\000s\000\040\000c\000o\000m\000p\000a\000r\000a\000t\000i\000v\000o}{section.1.3}% 12
\BOOKMARK [2][-]{subsection.1.3.3}{\376\377\000N\000e\000c\000e\000s\000i\000d\000a\000d\000\040\000d\000e\000\040\000a\000l\000g\000o\000r\000i\000t\000m\000o\000s\000\040\000c\000r\000i\000p\000t\000o\000g\000r\000\341\000f\000i\000c\000o\000s\000\040\000e\000f\000i\000c\000i\000e\000n\000t\000e\000s}{section.1.3}% 13
\BOOKMARK [1][-]{section.1.4}{\376\377\000A\000n\000t\000e\000c\000e\000d\000e\000n\000t\000e\000s}{chapter.1}% 14
\BOOKMARK [1][-]{section.1.5}{\376\377\000O\000b\000j\000e\000t\000i\000v\000o\000s}{chapter.1}% 15
\BOOKMARK [2][-]{subsection.1.5.1}{\376\377\000P\000r\000o\000p\000\363\000s\000i\000t\000o\000\040\000y\000\040\000a\000l\000c\000a\000n\000c\000e}{section.1.5}% 16
\BOOKMARK [1][-]{section.1.6}{\376\377\000P\000l\000a\000n\000i\000f\000i\000c\000a\000c\000i\000\363\000n}{chapter.1}% 17
\BOOKMARK [2][-]{subsection.1.6.1}{\376\377\000F\000a\000s\000e\000\040\0001\000:\000\040\000I\000n\000v\000e\000s\000t\000i\000g\000a\000c\000i\000\363\000n}{section.1.6}% 18
\BOOKMARK [2][-]{subsection.1.6.2}{\376\377\000F\000a\000s\000e\000\040\0002\000:\000\040\000D\000i\000s\000e\000\361\000o\000\040\000e\000\040\000i\000n\000t\000e\000g\000r\000a\000c\000i\000\363\000n\000\040\000d\000e\000\040\000m\000\363\000d\000u\000l\000o\000s\000\040\000d\000e\000\040\000s\000e\000g\000u\000r\000i\000d\000a\000d\000\040\000p\000a\000r\000a\000\040\000d\000i\000s\000p\000o\000s\000i\000t\000i\000v\000o\000s\000\040\000I\000o\000T}{section.1.6}% 19
\BOOKMARK [2][-]{subsection.1.6.3}{\376\377\000F\000a\000s\000e\000\040\0003\000:\000\040\000A\000u\000t\000o\000m\000a\000t\000i\000z\000a\000c\000i\000\363\000n\000\040\000d\000e\000\040\000p\000r\000u\000e\000b\000a\000s\000,\000\040\000d\000e\000s\000p\000l\000i\000e\000g\000u\000e\000\040\000y\000\040\000c\000i\000c\000l\000o\000\040\000d\000e\000\040\000v\000i\000d\000a}{section.1.6}% 20
\BOOKMARK [1][-]{section.1.7}{\376\377\000P\000l\000i\000e\000g\000o\000\040\000d\000e\000\040\000c\000o\000n\000d\000i\000c\000i\000o\000n\000e\000s}{chapter.1}% 21
\BOOKMARK [2][-]{subsection.1.7.1}{\376\377\000D\000e\000s\000c\000r\000i\000p\000c\000i\000\363\000n\000\040\000d\000e\000l\000\040\000p\000r\000o\000d\000u\000c\000t\000o}{section.1.7}% 22
\BOOKMARK [2][-]{subsection.1.7.2}{\376\377\000R\000e\000q\000u\000i\000s\000i\000t\000o\000s\000\040\000d\000e\000\040\000h\000a\000r\000d\000w\000a\000r\000e\000\040\000y\000\040\000s\000o\000f\000t\000w\000a\000r\000e\000\040\000p\000a\000r\000a\000\040\000e\000l\000\040\000e\000n\000t\000o\000r\000n\000o\000\040\000d\000e\000\040\000d\000e\000s\000a\000r\000r\000o\000l\000l\000o}{section.1.7}% 23
\BOOKMARK [2][-]{subsection.1.7.3}{\376\377\000R\000e\000q\000u\000i\000s\000i\000t\000o\000s\000\040\000d\000e\000\040\000h\000a\000r\000d\000w\000a\000r\000e\000\040\000y\000\040\000s\000o\000f\000t\000w\000a\000r\000e\000\040\000p\000a\000r\000a\000\040\000d\000i\000s\000p\000o\000s\000i\000t\000i\000v\000o\000s\000\040\000o\000b\000j\000e\000t\000i\000v\000o}{section.1.7}% 24
\BOOKMARK [2][-]{subsection.1.7.4}{\376\377\000R\000e\000q\000u\000i\000s\000i\000t\000o\000s\000\040\000d\000e\000l\000\040\000e\000n\000t\000o\000r\000n\000o\000\040\000d\000e\000\040\000p\000r\000o\000d\000u\000c\000c\000i\000\363\000n}{section.1.7}% 25
\BOOKMARK [2][-]{subsection.1.7.5}{\376\377\000C\000o\000n\000d\000i\000c\000i\000o\000n\000e\000s\000\040\000d\000e\000\040\000s\000e\000g\000u\000r\000i\000d\000a\000d}{section.1.7}% 26
\BOOKMARK [2][-]{subsection.1.7.6}{\376\377\000C\000o\000n\000d\000i\000c\000i\000o\000n\000e\000s\000\040\000d\000e\000\040\000c\000u\000m\000p\000l\000i\000m\000i\000e\000n\000t\000o\000\040\000n\000o\000r\000m\000a\000t\000i\000v\000o}{section.1.7}% 27
\BOOKMARK [2][-]{subsection.1.7.7}{\376\377\000C\000o\000n\000d\000i\000c\000i\000o\000n\000e\000s\000\040\000d\000e\000\040\000i\000m\000p\000l\000a\000n\000t\000a\000c\000i\000\363\000n\000\040\000p\000a\000r\000a\000\040\000c\000l\000i\000e\000n\000t\000e\000\040\000f\000i\000n\000a\000l}{section.1.7}% 28
\BOOKMARK [2][-]{subsection.1.7.8}{\376\377\000C\000o\000n\000d\000i\000c\000i\000o\000n\000e\000s\000\040\000d\000e\000\040\000e\000j\000e\000c\000u\000c\000i\000\363\000n\000\040\000d\000e\000l\000\040\000p\000r\000o\000y\000e\000c\000t\000o}{section.1.7}% 29
\BOOKMARK [0][-]{chapter.2}{\376\377\000D\000e\000s\000a\000r\000r\000o\000l\000l\000o}{}% 30
\BOOKMARK [1][-]{section.2.1}{\376\377\000B\000a\000s\000e\000s\000\040\000t\000e\000\363\000r\000i\000c\000a\000s\000\040\000d\000e\000\040\000l\000a\000\040\000c\000r\000i\000p\000t\000o\000g\000r\000a\000f\000\355\000a}{chapter.2}% 31
\BOOKMARK [2][-]{subsection.2.1.1}{\376\377\000C\000r\000i\000p\000t\000o\000g\000r\000a\000f\000\355\000a\000\040\000s\000i\000m\000\351\000t\000r\000i\000c\000a}{section.2.1}% 32
\BOOKMARK [2][-]{subsection.2.1.2}{\376\377\000C\000r\000i\000p\000t\000o\000g\000r\000a\000f\000\355\000a\000\040\000a\000s\000i\000m\000\351\000t\000r\000i\000c\000a\000\040}{section.2.1}% 33
\BOOKMARK [2][-]{subsection.2.1.3}{\376\377\000P\000r\000i\000n\000c\000i\000p\000i\000o\000s\000\040\000d\000e\000\040\000s\000e\000g\000u\000r\000i\000d\000a\000d\000\040\000a\000s\000e\000g\000u\000r\000a\000d\000o\000s\000\040\000c\000o\000n\000\040\000c\000i\000f\000r\000a\000d\000o\000\040\000a\000s\000i\000m\000\351\000t\000r\000i\000c\000o}{section.2.1}% 34
\BOOKMARK [2][-]{subsection.2.1.4}{\376\377\000F\000i\000r\000m\000a\000\040\000d\000i\000g\000i\000t\000a\000l}{section.2.1}% 35
\BOOKMARK [2][-]{subsection.2.1.5}{\376\377\000A\000u\000t\000o\000r\000i\000d\000a\000d\000e\000s\000\040\000C\000e\000r\000t\000i\000f\000i\000c\000a\000d\000o\000r\000a\000s\000\040\000y\000\040\000c\000e\000r\000t\000i\000f\000i\000c\000a\000d\000o\000s\000\040\000d\000i\000g\000i\000t\000a\000l\000e\000s}{section.2.1}% 36
\BOOKMARK [2][-]{subsection.2.1.6}{\376\377\000E\000s\000t\000\341\000n\000d\000a\000r\000\040\000d\000e\000\040\000s\000i\000n\000t\000a\000x\000i\000s\000\040\000d\000e\000\040\000m\000e\000n\000s\000a\000j\000e\000s\000\040\000c\000r\000i\000p\000t\000o\000g\000r\000\341\000f\000i\000c\000o\000s\000\040\000\050\000C\000M\000S\000\051}{section.2.1}% 37
\BOOKMARK [1][-]{section.2.2}{\376\377\000E\000l\000e\000c\000c\000i\000\363\000n\000\040\000d\000e\000\040\000a\000l\000g\000o\000r\000i\000t\000m\000o\000s\000\040\000c\000r\000i\000p\000t\000o\000g\000r\000\341\000f\000i\000c\000o\000s}{chapter.2}% 38
\BOOKMARK [2][-]{subsection.2.2.1}{\376\377\000A\000S\000C\000O\000N\000:\000\040\000E\000s\000t\000\341\000n\000d\000a\000r\000\040\000d\000e\000\040\000c\000r\000i\000p\000t\000o\000g\000r\000a\000f\000\355\000a\000\040\000l\000i\000g\000e\000r\000a}{section.2.2}% 39
\BOOKMARK [1][-]{section.2.3}{\376\377\000A\000c\000t\000u\000a\000l\000i\000z\000a\000c\000i\000o\000n\000e\000s\000\040\000d\000e\000\040\000s\000o\000f\000t\000w\000a\000r\000e\000\040\000e\000n\000\040\000s\000i\000s\000t\000e\000m\000a\000s\000\040\000e\000m\000b\000e\000b\000i\000d\000o\000s}{chapter.2}% 40
\BOOKMARK [2][-]{subsection.2.3.1}{\376\377\000C\000o\000n\000c\000e\000p\000t\000o\000s\000\040\000f\000u\000n\000d\000a\000m\000e\000n\000t\000a\000l\000e\000s}{section.2.3}% 41
\BOOKMARK [2][-]{subsection.2.3.2}{\376\377\000S\000W\000U\000p\000d\000a\000t\000e\000:\000\040\000G\000e\000s\000t\000o\000r\000\040\000d\000e\000\040\000a\000c\000t\000u\000a\000l\000i\000z\000a\000c\000i\000o\000n\000e\000s}{section.2.3}% 42
\BOOKMARK [2][-]{subsection.2.3.3}{\376\377\000G\000e\000n\000e\000r\000a\000c\000i\000\363\000n\000\040\000d\000e\000\040\000p\000a\000q\000u\000e\000t\000e\000s\000:\000\040\000S\000W\000U\000G\000e\000n\000e\000r\000a\000t\000o\000r}{section.2.3}% 43
\BOOKMARK [2][-]{subsection.2.3.4}{\376\377\000W\000F\000X\000:\000\040\000W\000o\000r\000k\000f\000l\000o\000w\000\040\000E\000x\000e\000c\000u\000t\000i\000o\000n\000e\000r}{section.2.3}% 44
\BOOKMARK [2][-]{subsection.2.3.5}{\376\377\000L\000a\000m\000a\000s\000s\000u\000I\000o\000T}{section.2.3}% 45
\BOOKMARK [2][-]{subsection.2.3.6}{\376\377\000E\000x\000t\000e\000n\000s\000i\000\363\000n\000\040\000d\000e\000l\000\040\000K\000M\000S\000\040\000p\000a\000r\000a\000\040\000C\000r\000i\000p\000t\000o\000g\000r\000a\000f\000\355\000a\000\040\000S\000i\000m\000\351\000t\000r\000i\000c\000a}{section.2.3}% 46
\BOOKMARK [1][-]{section.2.4}{\376\377\000I\000n\000f\000r\000a\000e\000s\000t\000r\000u\000c\000t\000u\000r\000a\000\040\000P\000l\000a\000n\000t\000e\000a\000d\000a}{chapter.2}% 47
\BOOKMARK [1][-]{section.2.5}{\376\377\000I\000n\000t\000e\000g\000r\000a\000c\000i\000\363\000n\000\040\000d\000e\000\040\000C\000r\000i\000p\000t\000o\000g\000r\000a\000f\000\355\000a\000\040\000L\000i\000g\000e\000r\000a\000\040\000y\000\040\000P\000o\000s\000t\000-\000C\000u\000\341\000n\000t\000i\000c\000a}{chapter.2}% 48
\BOOKMARK [2][-]{subsection.2.5.1}{\376\377\000I\000n\000t\000e\000g\000r\000a\000c\000i\000\363\000n\000\040\000d\000e\000\040\000A\000l\000g\000o\000r\000i\000t\000m\000o\000s\000\040\000d\000e\000\040\000C\000i\000f\000r\000a\000d\000o\000\040\000S\000i\000m\000\351\000t\000r\000i\000c\000o}{section.2.5}% 49
\BOOKMARK [2][-]{subsection.2.5.2}{\376\377\000I\000n\000t\000e\000g\000r\000a\000c\000i\000\363\000n\000\040\000d\000e\000\040\000F\000i\000r\000m\000a\000\040\000D\000i\000g\000i\000t\000a\000l\000\040\000P\000o\000s\000t\000-\000C\000u\000\341\000n\000t\000i\000c\000a}{section.2.5}% 50
\BOOKMARK [2][-]{subsection.2.5.3}{\376\377\000M\000o\000d\000i\000f\000i\000c\000a\000c\000i\000o\000n\000e\000s\000\040\000e\000n\000\040\000S\000W\000U\000G\000e\000n\000e\000r\000a\000t\000o\000r}{section.2.5}% 51
\BOOKMARK [1][-]{section.2.6}{\376\377\000M\000o\000d\000e\000l\000o\000\040\000d\000e\000\040\000D\000a\000t\000o\000s}{chapter.2}% 52
\BOOKMARK [2][-]{subsection.2.6.1}{\376\377\000E\000n\000t\000i\000d\000a\000d\000e\000s\000\040\000d\000e\000\040\000L\000a\000m\000a\000s\000s\000u\000\040\000I\000o\000T}{section.2.6}% 53
\BOOKMARK [2][-]{subsection.2.6.2}{\376\377\000E\000n\000t\000i\000d\000a\000d\000e\000s\000\040\000d\000e\000\040\000W\000F\000X}{section.2.6}% 54
\BOOKMARK [2][-]{subsection.2.6.3}{\376\377\000E\000n\000t\000i\000d\000a\000d\000e\000s\000\040\000d\000e\000l\000\040\000M\000\363\000d\000u\000l\000o\000\040\000U\000p\000d\000a\000t\000e\000s}{section.2.6}% 55
\BOOKMARK [2][-]{subsection.2.6.4}{\376\377\000R\000e\000l\000a\000c\000i\000o\000n\000e\000s\000\040\000e\000n\000t\000r\000e\000\040\000E\000n\000t\000i\000d\000a\000d\000e\000s}{section.2.6}% 56
\BOOKMARK [1][-]{section.2.7}{\376\377\000E\000s\000t\000r\000a\000t\000e\000g\000i\000a\000\040\000d\000e\000\040\000P\000r\000u\000e\000b\000a\000s\000\040\000y\000\040\000V\000a\000l\000i\000d\000a\000c\000i\000\363\000n}{chapter.2}% 57
\BOOKMARK [2][-]{subsection.2.7.1}{\376\377\000I\000n\000f\000r\000a\000e\000s\000t\000r\000u\000c\000t\000u\000r\000a\000\040\000d\000e\000\040\000T\000e\000s\000t\000s}{section.2.7}% 58
\BOOKMARK [2][-]{subsection.2.7.2}{\376\377\000T\000e\000s\000t\000s\000\040\000d\000e\000l\000\040\000S\000e\000r\000v\000i\000c\000i\000o\000\040\000S\000y\000m\000K\000M\000S}{section.2.7}% 59
\BOOKMARK [2][-]{subsection.2.7.3}{\376\377\000T\000e\000s\000t\000s\000\040\000d\000e\000l\000\040\000S\000e\000r\000v\000i\000c\000i\000o\000\040\000U\000p\000d\000a\000t\000e\000s}{section.2.7}% 60
\BOOKMARK [0][-]{chapter.3}{\376\377\000R\000e\000s\000u\000l\000t\000a\000d\000o\000s}{}% 61
\BOOKMARK [1][-]{section.3.1}{\376\377\000C\000a\000s\000o\000\040\000d\000e\000\040\000U\000s\000o\000:\000\040\000S\000i\000s\000t\000e\000m\000a\000\040\000d\000e\000\040\000C\000o\000n\000t\000r\000o\000l\000\040\000d\000e\000\040\000T\000a\000n\000q\000u\000e\000s}{chapter.3}% 62
\BOOKMARK [1][-]{section.3.2}{\376\377\000I\000n\000t\000e\000r\000f\000a\000z\000\040\000W\000e\000b\000\040\000d\000e\000\040\000G\000e\000s\000t\000i\000\363\000n}{chapter.3}% 63
\BOOKMARK [2][-]{subsection.3.2.1}{\376\377\000G\000e\000s\000t\000i\000\363\000n\000\040\000d\000e\000\040\000C\000l\000a\000v\000e\000s\000\040\000C\000r\000i\000p\000t\000o\000g\000r\000\341\000f\000i\000c\000a\000s\000\040\000\050\000K\000M\000S\000\051}{section.3.2}% 64
\BOOKMARK [2][-]{subsection.3.2.2}{\376\377\000G\000e\000s\000t\000i\000\363\000n\000\040\000d\000e\000\040\000A\000c\000t\000u\000a\000l\000i\000z\000a\000c\000i\000o\000n\000e\000s}{section.3.2}% 65
\BOOKMARK [2][-]{subsection.3.2.3}{\376\377\000G\000e\000s\000t\000i\000\363\000n\000\040\000d\000e\000\040\000L\000a\000n\000z\000a\000m\000i\000e\000n\000t\000o\000s}{section.3.2}% 66
\BOOKMARK [2][-]{subsection.3.2.4}{\376\377\000M\000o\000n\000i\000t\000o\000r\000i\000z\000a\000c\000i\000\363\000n\000\040\000d\000e\000\040\000D\000i\000s\000p\000o\000s\000i\000t\000i\000v\000o\000s\000\040\000I\000n\000d\000i\000v\000i\000d\000u\000a\000l\000e\000s}{section.3.2}% 67
\BOOKMARK [1][-]{section.3.3}{\376\377\000R\000e\000s\000u\000l\000t\000a\000d\000o\000s\000\040\000d\000e\000\040\000P\000r\000u\000e\000b\000a\000s\000\040\000y\000\040\000C\000o\000b\000e\000r\000t\000u\000r\000a\000\040\000d\000e\000\040\000C\000\363\000d\000i\000g\000o}{chapter.3}% 68
\BOOKMARK [2][-]{subsection.3.3.1}{\376\377\000C\000o\000b\000e\000r\000t\000u\000r\000a\000\040\000d\000e\000\040\000C\000\363\000d\000i\000g\000o}{section.3.3}% 69
\BOOKMARK [2][-]{subsection.3.3.2}{\376\377\000V\000a\000l\000i\000d\000a\000c\000i\000\363\000n\000\040\000C\000r\000i\000p\000t\000o\000g\000r\000\341\000f\000i\000c\000a}{section.3.3}% 70
\BOOKMARK [2][-]{subsection.3.3.3}{\376\377\000T\000e\000s\000t\000s\000\040\000d\000e\000\040\000I\000n\000t\000e\000g\000r\000a\000c\000i\000\363\000n}{section.3.3}% 71
\BOOKMARK [0][-]{chapter.4}{\376\377\000C\000o\000n\000c\000l\000u\000s\000i\000o\000n\000e\000s}{}% 72
\BOOKMARK [1][-]{section.4.1}{\376\377\000C\000u\000m\000p\000l\000i\000m\000i\000e\000n\000t\000o\000\040\000d\000e\000\040\000O\000b\000j\000e\000t\000i\000v\000o\000s}{chapter.4}% 73
\BOOKMARK [1][-]{section.4.2}{\376\377\000V\000a\000l\000i\000d\000a\000c\000i\000\363\000n\000\040\000d\000e\000\040\000C\000r\000i\000p\000t\000o\000g\000r\000a\000f\000\355\000a\000\040\000L\000i\000g\000e\000r\000a\000\040\000e\000n\000\040\000D\000i\000s\000p\000o\000s\000i\000t\000i\000v\000o\000s\000\040\000L\000i\000m\000i\000t\000a\000d\000o\000s}{chapter.4}% 74
\BOOKMARK [1][-]{section.4.3}{\376\377\000P\000r\000e\000p\000a\000r\000a\000c\000i\000\363\000n\000\040\000p\000a\000r\000a\000\040\000A\000m\000e\000n\000a\000z\000a\000s\000\040\000P\000o\000s\000t\000-\000C\000u\000\341\000n\000t\000i\000c\000a\000s}{chapter.4}% 75
\BOOKMARK [1][-]{section.4.4}{\376\377\000R\000e\000f\000l\000e\000x\000i\000\363\000n\000\040\000F\000i\000n\000a\000l}{chapter.4}% 76
\BOOKMARK [-1][-]{chapter*.43}{\376\377\000B\000i\000b\000l\000i\000o\000g\000r\000a\000f\000\355\000a}{}% 77
\BOOKMARK [-1][-]{chapter*.43}{\376\377\000\315\000n\000d\000i\000c\000e\000\040\000a\000l\000f\000a\000b\000\351\000t\000i\000c\000o}{}% 78
